<?xml version="1.0" encoding="UTF-8"?>
<testsuite xmlns:xsi="http://www.w3.org/2001/XMLSchema-instance" xsi:noNamespaceSchemaLocation="https://maven.apache.org/surefire/maven-surefire-plugin/xsd/surefire-test-report-3.0.xsd" version="3.0" name="edu.yu.cs.com1320.project.stage5.impl.DocumentStoreImplTest" time="0.15" tests="71" errors="0" skipped="0" failures="0">
  <properties>
[...]
</properties>
  <testcase name="testArrayDoubling" classname="edu.yu.cs.com1320.project.stage5.impl.DocumentStoreImplTest" time="0.038"/>
  <testcase name="testPutNewVersionOfDocumentBinary" classname="edu.yu.cs.com1320.project.stage5.impl.DocumentStoreImplTest" time="0.001"/>
  <testcase name="stage5PushToDiskViaMaxDocCount" classname="edu.yu.cs.com1320.project.stage5.impl.DocumentStoreImplTest" time="0"/>
  <testcase name="stage3UndoByURIThatImpactsEarlierThanLast" classname="edu.yu.cs.com1320.project.stage5.impl.DocumentStoreImplTest" time="0.002"/>
  <testcase name="delete" classname="edu.yu.cs.com1320.project.stage5.impl.DocumentStoreImplTest" time="0.002"/>
  <testcase name="testUndo1" classname="edu.yu.cs.com1320.project.stage5.impl.DocumentStoreImplTest" time="0.001"/>
  <testcase name="testUndo2" classname="edu.yu.cs.com1320.project.stage5.impl.DocumentStoreImplTest" time="0.002"/>
  <testcase name="testUndo3" classname="edu.yu.cs.com1320.project.stage5.impl.DocumentStoreImplTest" time="0.001"/>
  <testcase name="testUndo4" classname="edu.yu.cs.com1320.project.stage5.impl.DocumentStoreImplTest" time="0.001"/>
  <testcase name="deleteAllWithPrefixUndo1" classname="edu.yu.cs.com1320.project.stage5.impl.DocumentStoreImplTest" time="0.005"/>
  <testcase name="deleteAllWithPrefixUndo2" classname="edu.yu.cs.com1320.project.stage5.impl.DocumentStoreImplTest" time="0.001"/>
  <testcase name="searchByPrefix1" classname="edu.yu.cs.com1320.project.stage5.impl.DocumentStoreImplTest" time="0.001"/>
  <testcase name="searchByPrefix2" classname="edu.yu.cs.com1320.project.stage5.impl.DocumentStoreImplTest" time="0.001"/>
  <testcase name="searchByPrefix3" classname="edu.yu.cs.com1320.project.stage5.impl.DocumentStoreImplTest" time="0.001"/>
  <testcase name="deleteAllWithPrefix1" classname="edu.yu.cs.com1320.project.stage5.impl.DocumentStoreImplTest" time="0.001"/>
  <testcase name="search" classname="edu.yu.cs.com1320.project.stage5.impl.DocumentStoreImplTest" time="0.001"/>
  <testcase name="putLimit1" classname="edu.yu.cs.com1320.project.stage5.impl.DocumentStoreImplTest" time="0.002"/>
  <testcase name="putLimit2" classname="edu.yu.cs.com1320.project.stage5.impl.DocumentStoreImplTest" time="0.002"/>
  <testcase name="testPutNewVersionOfDocumentTxt" classname="edu.yu.cs.com1320.project.stage5.impl.DocumentStoreImplTest" time="0.001"/>
  <testcase name="deleteAll" classname="edu.yu.cs.com1320.project.stage5.impl.DocumentStoreImplTest" time="0"/>
  <testcase name="deleteAllUndo1" classname="edu.yu.cs.com1320.project.stage5.impl.DocumentStoreImplTest" time="0"/>
  <testcase name="deleteAllUndo2" classname="edu.yu.cs.com1320.project.stage5.impl.DocumentStoreImplTest" time="0"/>
  <testcase name="deleteAllUndo3" classname="edu.yu.cs.com1320.project.stage5.impl.DocumentStoreImplTest" time="0"/>
  <testcase name="deleteAllUndoUpdate1" classname="edu.yu.cs.com1320.project.stage5.impl.DocumentStoreImplTest" time="0"/>
  <testcase name="get" classname="edu.yu.cs.com1320.project.stage5.impl.DocumentStoreImplTest" time="0"/>
  <testcase name="put1" classname="edu.yu.cs.com1320.project.stage5.impl.DocumentStoreImplTest" time="0.001"/>
  <testcase name="put2" classname="edu.yu.cs.com1320.project.stage5.impl.DocumentStoreImplTest" time="0"/>
  <testcase name="put3" classname="edu.yu.cs.com1320.project.stage5.impl.DocumentStoreImplTest" time="0.001"/>
  <testcase name="put4" classname="edu.yu.cs.com1320.project.stage5.impl.DocumentStoreImplTest" time="0"/>
  <testcase name="put5" classname="edu.yu.cs.com1320.project.stage5.impl.DocumentStoreImplTest" time="0"/>
  <testcase name="put6" classname="edu.yu.cs.com1320.project.stage5.impl.DocumentStoreImplTest" time="0.001"/>
  <testcase name="undo1" classname="edu.yu.cs.com1320.project.stage5.impl.DocumentStoreImplTest" time="0.001"/>
  <testcase name="undo2" classname="edu.yu.cs.com1320.project.stage5.impl.DocumentStoreImplTest" time="0"/>
  <testcase name="testUndoURI1" classname="edu.yu.cs.com1320.project.stage5.impl.DocumentStoreImplTest" time="0.001"/>
  <testcase name="testUndoURI2" classname="edu.yu.cs.com1320.project.stage5.impl.DocumentStoreImplTest" time="0"/>
  <testcase name="testUndoURI3" classname="edu.yu.cs.com1320.project.stage5.impl.DocumentStoreImplTest" time="0"/>
  <testcase name="testUndoURI4" classname="edu.yu.cs.com1320.project.stage5.impl.DocumentStoreImplTest" time="0.022"/>
  <testcase name="testUndoURI6" classname="edu.yu.cs.com1320.project.stage5.impl.DocumentStoreImplTest" time="0"/>
  <testcase name="testUndoURI7" classname="edu.yu.cs.com1320.project.stage5.impl.DocumentStoreImplTest" time="0"/>
  <testcase name="testUndoURI8" classname="edu.yu.cs.com1320.project.stage5.impl.DocumentStoreImplTest" time="0"/>
  <testcase name="testUndoURI9" classname="edu.yu.cs.com1320.project.stage5.impl.DocumentStoreImplTest" time="0.001"/>
  <testcase name="testDeleteDoc" classname="edu.yu.cs.com1320.project.stage5.impl.DocumentStoreImplTest" time="0"/>
  <testcase name="stage5PushToDiskViaMaxDocCountBringBackInViaDeleteAndSearch" classname="edu.yu.cs.com1320.project.stage5.impl.DocumentStoreImplTest" time="0.001"/>
  <testcase name="testDeleteDocReturnValue" classname="edu.yu.cs.com1320.project.stage5.impl.DocumentStoreImplTest" time="0.001"/>
  <testcase name="setMaxDocumentBytes1" classname="edu.yu.cs.com1320.project.stage5.impl.DocumentStoreImplTest" time="0.002"/>
  <testcase name="setMaxDocumentBytes2" classname="edu.yu.cs.com1320.project.stage5.impl.DocumentStoreImplTest" time="0.003"/>
  <testcase name="setMaxDocumentBytes3" classname="edu.yu.cs.com1320.project.stage5.impl.DocumentStoreImplTest" time="0.002"/>
  <testcase name="setMaxDocumentBytes4" classname="edu.yu.cs.com1320.project.stage5.impl.DocumentStoreImplTest" time="0.001"/>
  <testcase name="setMaxDocumentCount1" classname="edu.yu.cs.com1320.project.stage5.impl.DocumentStoreImplTest" time="0.002"/>
  <testcase name="setMaxDocumentCount2" classname="edu.yu.cs.com1320.project.stage5.impl.DocumentStoreImplTest" time="0.001"/>
  <testcase name="setMaxDocumentCount3" classname="edu.yu.cs.com1320.project.stage5.impl.DocumentStoreImplTest" time="0.004"/>
  <testcase name="setMaxDocumentCount4" classname="edu.yu.cs.com1320.project.stage5.impl.DocumentStoreImplTest" time="0.001"/>
  <testcase name="stage5PushToDiskViaMaxDocCountViaUndoDelete" classname="edu.yu.cs.com1320.project.stage5.impl.DocumentStoreImplTest" time="0"/>
  <testcase name="testDeleteDoc2" classname="edu.yu.cs.com1320.project.stage5.impl.DocumentStoreImplTest" time="0.001"/>
  <testcase name="testDeleteDoc3" classname="edu.yu.cs.com1320.project.stage5.impl.DocumentStoreImplTest" time="0.001"/>
  <testcase name="testDeleteDoc4" classname="edu.yu.cs.com1320.project.stage5.impl.DocumentStoreImplTest" time="0.001"/>
  <testcase name="searchUpdate1" classname="edu.yu.cs.com1320.project.stage5.impl.DocumentStoreImplTest" time="0.002"/>
  <testcase name="searchPrefixUpdate1" classname="edu.yu.cs.com1320.project.stage5.impl.DocumentStoreImplTest" time="0.001"/>
  <testcase name="testGetTxtDoc" classname="edu.yu.cs.com1320.project.stage5.impl.DocumentStoreImplTest" time="0.001"/>
  <testcase name="deleteAllWithPrefixUndoUpdate1" classname="edu.yu.cs.com1320.project.stage5.impl.DocumentStoreImplTest" time="0.001"/>
  <testcase name="deleteAllWithPrefixUndoUpdate2" classname="edu.yu.cs.com1320.project.stage5.impl.DocumentStoreImplTest" time="0.002"/>
  <testcase name="undoLimit1" classname="edu.yu.cs.com1320.project.stage5.impl.DocumentStoreImplTest" time="0.002"/>
  <testcase name="undoLimit2" classname="edu.yu.cs.com1320.project.stage5.impl.DocumentStoreImplTest" time="0.002"/>
  <testcase name="undoByURIWhenEmptyShouldThrow" classname="edu.yu.cs.com1320.project.stage5.impl.DocumentStoreImplTest" time="0.001"/>
  <testcase name="deleteAll1" classname="edu.yu.cs.com1320.project.stage5.impl.DocumentStoreImplTest" time="0.002"/>
  <testcase name="deleteAll2" classname="edu.yu.cs.com1320.project.stage5.impl.DocumentStoreImplTest" time="0"/>
  <testcase name="putUndo1" classname="edu.yu.cs.com1320.project.stage5.impl.DocumentStoreImplTest" time="0"/>
  <testcase name="putUndo2" classname="edu.yu.cs.com1320.project.stage5.impl.DocumentStoreImplTest" time="0.001"/>
  <testcase name="testGetTxtDocAsBinary" classname="edu.yu.cs.com1320.project.stage5.impl.DocumentStoreImplTest" time="0"/>
  <testcase name="testDeleteDocReturnValue2" classname="edu.yu.cs.com1320.project.stage5.impl.DocumentStoreImplTest" time="0.001"/>
  <testcase name="testDeleteDocReturnValue3" classname="edu.yu.cs.com1320.project.stage5.impl.DocumentStoreImplTest" time="0.002"/>
</testsuite>